<?xml version="1.0" encoding="UTF-8"?>
<!-- Generated by org.testng.reporters.JUnitReportReporter -->
<testsuite hostname="PHMANLROGERO01" failures="0" tests="1" name="TestScripts.HorizontalSlider" time="8.304" errors="0" timestamp="2023-10-06T00:09:38 CST" skipped="0">
  <testcase classname="TestScripts.HorizontalSlider" name="dragAndDropSlider" time="8.304"/>
  <system-out/>
</testsuite> <!-- TestScripts.HorizontalSlider -->
