<?xml version="1.0" encoding="UTF-8"?>
<!-- Generated by org.testng.reporters.JUnitReportReporter -->
<testsuite hostname="PHMANLROGERO01" failures="0" tests="2" name="TestScripts.FormAuthentication" time="14.001" errors="0" timestamp="2023-10-03T19:26:24 CST" skipped="0">
  <testcase classname="TestScripts.FormAuthentication" name="loginIncorrectPassword" time="6.159"/>
  <system-out/>
  <testcase classname="TestScripts.FormAuthentication" name="loginCorrectCredentials" time="7.842"/>
  <system-out/>
</testsuite> <!-- TestScripts.FormAuthentication -->
