<?xml version="1.0" encoding="UTF-8"?>
<!-- Generated by org.testng.reporters.JUnitReportReporter -->
<testsuite hostname="LAPTOP-L69IT38J" failures="0" tests="1" name="test.java.Heroku.AlertsTest" time="86.922" errors="0" timestamp="2025-06-24T19:11:13 PST" skipped="0">
  <testcase classname="test.java.Heroku.AlertsTest" name="testAlerts" time="86.922"/>
</testsuite> <!-- test.java.Heroku.AlertsTest -->
