<?xml version="1.0" encoding="UTF-8"?>
<!-- Generated by org.testng.reporters.JUnitReportReporter -->
<testsuite hostname="LAPTOP-L69IT38J" failures="0" tests="1" name="test.java.Heroku.DDTTest" time="0.688" errors="0" timestamp="2025-06-24T19:42:30 PST" skipped="0">
  <testcase classname="test.java.Heroku.DDTTest" name="testDDT" time="0.688"/>
</testsuite> <!-- test.java.Heroku.DDTTest -->
