<?xml version="1.0" encoding="UTF-8"?>
<!-- Generated by org.testng.reporters.JUnitReportReporter -->
<testsuite hostname="LAPTOP-L69IT38J" failures="0" tests="2" name="TestScripts.AddElement" time="12.690" errors="0" timestamp="2025-06-21T23:51:31 PST" skipped="0">
  <testcase classname="TestScripts.AddElement" name="addElement" time="7.360"/>
  <testcase classname="TestScripts.AddElement" name="deleteElement" time="5.330"/>
</testsuite> <!-- TestScripts.AddElement -->
