<?xml version="1.0" encoding="UTF-8"?>
<!-- Generated by org.testng.reporters.JUnitReportReporter -->
<testsuite hostname="LAPTOP-L69IT38J" failures="0" tests="2" name="main.java.Heroku.AddElement" time="54.145" errors="0" timestamp="2025-06-24T18:54:22 PST" skipped="0">
  <testcase classname="main.java.Heroku.AddElement" name="addElement" time="14.643"/>
  <testcase classname="main.java.Heroku.AddElement" name="deleteElement" time="39.502"/>
</testsuite> <!-- main.java.Heroku.AddElement -->
