<?xml version="1.0" encoding="UTF-8"?>
<!-- Generated by org.testng.reporters.JUnitReportReporter -->
<testsuite hostname="LAPTOP-L69IT38J" failures="0" tests="1" name="test.java.Heroku.InputValidationTest" time="22.824" errors="0" timestamp="2025-06-24T19:30:26 PST" skipped="0">
  <testcase classname="test.java.Heroku.InputValidationTest" name="testInputValidation" time="22.824"/>
</testsuite> <!-- test.java.Heroku.InputValidationTest -->
