<?xml version="1.0" encoding="UTF-8"?>
<!-- Generated by org.testng.reporters.JUnitReportReporter -->
<testsuite hostname="LAPTOP-L69IT38J" failures="0" tests="1" name="test.java.Heroku.FormAuthenticationTest" time="84.511" errors="0" timestamp="2025-06-24T19:30:26 PST" skipped="0">
  <testcase classname="test.java.Heroku.FormAuthenticationTest" name="testFormAuthentication" time="84.511"/>
</testsuite> <!-- test.java.Heroku.FormAuthenticationTest -->
