<?xml version="1.0" encoding="UTF-8"?>
<!-- Generated by org.testng.reporters.JUnitReportReporter -->
<testsuite hostname="PHMANLROGERO01" failures="0" tests="2" name="TestScripts.BrokenImage" time="13.484" errors="0" timestamp="2023-10-03T19:17:01 CST" skipped="0">
  <testcase classname="TestScripts.BrokenImage" name="validateThirdImageIsPlaceholder" time="5.983"/>
  <system-out/>
  <testcase classname="TestScripts.BrokenImage" name="validateFirstImageIsBroken" time="7.501"/>
  <system-out/>
</testsuite> <!-- TestScripts.BrokenImage -->
