<?xml version="1.0" encoding="UTF-8"?>
<!-- Generated by org.testng.reporters.JUnitReportReporter -->
<testsuite hostname="LAPTOP-L69IT38J" failures="0" tests="1" name="test.java.Heroku.AddElementTest" time="44.088" errors="0" timestamp="2025-06-24T19:01:13 PST" skipped="0">
  <testcase classname="test.java.Heroku.AddElementTest" name="testAddElement" time="44.088"/>
</testsuite> <!-- test.java.Heroku.AddElementTest -->
