<?xml version="1.0" encoding="UTF-8"?>
<!-- Generated by org.testng.reporters.JUnitReportReporter -->
<testsuite hostname="LAPTOP-L69IT38J" failures="0" tests="1" name="test.java.ParaBank.SubmitCustomerInquiryTest" time="7.607" errors="0" timestamp="2025-06-30T19:25:34 PST" skipped="0">
  <testcase classname="test.java.ParaBank.SubmitCustomerInquiryTest" name="testUserCreation" time="7.607"/>
</testsuite> <!-- test.java.ParaBank.SubmitCustomerInquiryTest -->
