<?xml version="1.0" encoding="UTF-8"?>
<!-- Generated by org.testng.reporters.JUnitReportReporter -->
<testsuite hostname="LAPTOP-L69IT38J" failures="0" tests="2" name="HerokuApp.AddElement" time="12.772" errors="0" timestamp="2025-06-21T23:53:35 PST" skipped="0">
  <testcase classname="HerokuApp.AddElement" name="addElement" time="6.745"/>
  <testcase classname="HerokuApp.AddElement" name="deleteElement" time="6.027"/>
</testsuite> <!-- HerokuApp.AddElement -->
