<?xml version="1.0" encoding="UTF-8"?>
<!-- Generated by org.testng.reporters.JUnitReportReporter -->
<testsuite hostname="LAPTOP-L69IT38J" failures="0" tests="1" name="HerokuApp.InputValidation" time="23.700" errors="0" timestamp="2025-06-22T15:04:28 PST" skipped="0">
  <testcase classname="HerokuApp.InputValidation" name="validateInputValueNumber" time="23.700"/>
</testsuite> <!-- HerokuApp.InputValidation -->
