<?xml version="1.0" encoding="UTF-8"?>
<!-- Generated by org.testng.reporters.JUnitReportReporter -->
<testsuite hostname="LAPTOP-L69IT38J" failures="0" tests="1" name="test.java.ParaBank.UserCreationTest" time="9.869" errors="0" timestamp="2025-06-28T20:27:42 PST" skipped="0">
  <testcase classname="test.java.ParaBank.UserCreationTest" name="testUserCreation" time="9.869"/>
</testsuite> <!-- test.java.ParaBank.UserCreationTest -->
