<?xml version="1.0" encoding="UTF-8"?>
<!-- Generated by org.testng.reporters.JUnitReportReporter -->
<testsuite hostname="LAPTOP-L69IT38J" failures="0" tests="1" name="HerokuApp.DDT" time="0.822" errors="0" timestamp="2025-06-22T14:14:20 PST" skipped="0">
  <testcase classname="HerokuApp.DDT" name="readFile" time="0.822"/>
</testsuite> <!-- HerokuApp.DDT -->
