<?xml version="1.0" encoding="UTF-8"?>
<!-- Generated by org.testng.reporters.JUnitReportReporter -->
<testsuite hostname="LAPTOP-L69IT38J" failures="0" tests="1" name="test.java.Heroku.BrokenImageTest" time="68.565" errors="0" timestamp="2025-06-24T19:25:59 PST" skipped="0">
  <testcase classname="test.java.Heroku.BrokenImageTest" name="testBrokenImage" time="68.565"/>
</testsuite> <!-- test.java.Heroku.BrokenImageTest -->
